<?xml version="1.0" encoding="UTF-8"?>
<!-- Generated by org.testng.reporters.JUnitReportReporter -->
<testsuite name="com.ebay.pom.testcases.BuyProductTestCase" tests="1" time="18.691" ignored="0" failures="0" timestamp="03 Sep 2017 08:03:27 GMT" skipped="0" hostname="DESKTOP-LTL258K" errors="0">
  <testcase name="BuyProductTC" time="18.691" classname="com.ebay.pom.testcases.BuyProductTestCase"/>
</testsuite> <!-- com.ebay.pom.testcases.BuyProductTestCase -->
